Build started 2/1/2015 3:01:59 PM.
Project "C:\Users\Administrator\Desktop\ATDR\Greko\atdr_base_code\atdr_base_code\kernel\atdr_windows\atdrvolflt\atdrvolflt\atdrvolflt Package\atdrvolflt Package.vcxproj" on node 2 (Rebuild target(s)).
C:\Program Files (x86)\Windows Kits\8.1\build\WindowsDriver.common.targets(1366,5): error MSB3030: Could not copy the file "C:\Users\Administrator\Desktop\ATDR\Greko\atdr_base_code\atdr_base_code\kernel\atdr_windows\atdrvolflt\atdrvolflt\x64\Win8Debug\atdrvolflt.sys" because it was not found.
Done Building Project "C:\Users\Administrator\Desktop\ATDR\Greko\atdr_base_code\atdr_base_code\kernel\atdr_windows\atdrvolflt\atdrvolflt\atdrvolflt Package\atdrvolflt Package.vcxproj" (Rebuild target(s)) -- FAILED.

Build FAILED.

Time Elapsed 00:00:00.18
